<?xml version="1.0" encoding="UTF-8"?>
<!-- Generated by org.testng.reporters.JUnitXMLReporter -->
<testsuite hostname="DESKTOP-FUV5OTN" ignored="0" name="Test" tests="4" failures="1" timestamp="10 Feb 2017 05:50:41 GMT" time="8.184" errors="0">
  <testcase name="htmlsampleTest0" time="0.005" classname="example.NewTest"/>
  <testcase name="htmlsampleTest1" time="0.0" classname="example.NewTest">
    <failure type="java.lang.AssertionError">
      <![CDATA[java.lang.AssertionError
	at org.junit.Assert.fail(Assert.java:92)
	at org.junit.Assert.assertTrue(Assert.java:43)
	at org.junit.Assert.assertTrue(Assert.java:54)
	at example.NewTest.htmlsampleTest1(NewTest.java:49)
... Removed 28 stack frames]]>
    </failure>
  </testcase> <!-- htmlsampleTest1 -->
  <testcase name="htmlsampleTest2" time="0.0" classname="example.NewTest"/>
  <testcase name="testEasy" time="4.888" classname="example.NewTest"/>
</testsuite> <!-- Test -->
