<?xml version="1.0" encoding="UTF-8"?>
<testng-results skipped="0" failed="0" ignored="0" total="1" passed="1">
  <reporter-output>
  </reporter-output>
  <suite name="Suite" duration-ms="8137" started-at="2017-02-10T03:43:49Z" finished-at="2017-02-10T03:43:57Z">
    <groups>
    </groups>
    <test name="Test" duration-ms="8137" started-at="2017-02-10T03:43:49Z" finished-at="2017-02-10T03:43:57Z">
      <class name="example.NewTest">
        <test-method status="PASS" signature="beforeTest()[pri:0, instance:example.NewTest@48140564]" name="beforeTest" is-config="true" duration-ms="1843" started-at="2017-02-09T22:43:49Z" finished-at="2017-02-09T22:43:51Z">
          <reporter-output>
          </reporter-output>
        </test-method> <!-- beforeTest -->
        <test-method status="PASS" signature="testEasy()[pri:0, instance:example.NewTest@48140564]" name="testEasy" duration-ms="5366" started-at="2017-02-09T22:43:51Z" finished-at="2017-02-09T22:43:56Z">
          <reporter-output>
          </reporter-output>
        </test-method> <!-- testEasy -->
        <test-method status="PASS" signature="afterTest()[pri:0, instance:example.NewTest@48140564]" name="afterTest" is-config="true" duration-ms="917" started-at="2017-02-09T22:43:56Z" finished-at="2017-02-09T22:43:57Z">
          <reporter-output>
          </reporter-output>
        </test-method> <!-- afterTest -->
      </class> <!-- example.NewTest -->
    </test> <!-- Test -->
  </suite> <!-- Suite -->
</testng-results>
